@02 528/1/20 h23 新的力量
王贵妇人积攒了足够的经验，升到25级了。


@01 528/1/24 h13 发现道具
弱点之抹杀在测试世界拿到了☆诅咒的乱来的
厚靴『融合了的女神』 [7,0]。

@01 528/1/25 h14 发现道具
锤妻在混沌之洞窟拿到了☆高贵的弩炮『月光
之智将』 (1d28+1)(-1) [-2,0]。

@01 528/1/28 h7 发现道具
拨动时间黄在不归之洞窟拿到了★《卡斯特尔
＆波勒克斯》 (2d18+2)(2)。

@03 528/1/29 h21 任务的完成
欢快的・石任务完成，17的声望获得了。

@01 528/1/30 h2 发现道具
反逆之抹杀在犬神之森拿到了☆历史悠久的合
成腰带『昨日正义』 [3,7]。

@02 528/1/30 h9 新的力量
坦克笑积攒了足够的经验，升到25级了。

@03 528/1/30 h21 任务的完成
弱点之抹杀任务完成，4的声望获得了。

@01 528/1/30 h21 发现道具
弱点之抹杀在混沌之塔拿到了☆沉重的合成腰
带『忘记了的青铜』 [-1,4]。

@03 528/2/1 h21 任务的完成
真・圣者任务完成，6的声望获得了。

@01 528/2/1 h21 发现道具
真・圣者在卡普尔港拿到了☆诅咒的被称作铁
块的厚手套『想成为英雄的信赖』 (2,0) [0
,6]。

@01 528/2/1 h24 发现道具
虎与永恒在南提里斯拿到了☆照亮黑暗的精灵
帽『智将之水平线』 [11,8]。

@03 528/2/2 h17 任务的完成
虐杀的物语任务完成，14的声望获得了。

@01 528/2/2 h17 发现道具
虐杀的物语在帕罗米亚大使馆拿到了☆包覆一
切的鞋『人之项圈』 [3,0]。

@01 528/2/2 h18 发现道具
怪人之完好无损在不归之塔拿到了☆照亮黑暗
的合成腰带『生病的失笑』 [9,6]。

@01 528/2/3 h9 发现道具
王贵妇人在不归之塔拿到了☆通透的子弹『灾
难之掠夺者』 (2d2)(11)。

@01 528/2/3 h10 发现道具
欢快的・石在混沌之洞窟拿到了☆来自海洋的
机械弓『尽头之逃跑』 (1d25)(3)。

@01 528/2/3 h11 发现道具
弑杀信徒的诅咒在混沌之寨拿到了☆高贵的连
弩『幻梦星尘』 (7d5+1)。

@01 528/2/4 h5 发现道具
腐坏之物语在混沌之塔拿到了☆粉碎黑暗的合
成腰带『有名盗贼』 [4,3]。

@01 528/2/4 h6 发现道具
狂人之魔族在不归之寨拿到了☆梦幻的合成靴
『服从于既定事项的窃贼』 [1,0]。

@02 528/2/4 h13 新的力量
狂人之魔族积攒了足够的经验，升到26级了。


@01 528/2/4 h17 发现道具
子夜伤感在不归之寨拿到了☆艳丽的靴『命运
的智者』 [4,0]。

@01 528/2/6 h3 发现道具
狂人之魔族在死之矿山拿到了☆祝福的包覆一
切的魔法帽『伤之钓鱼师』 [7,2]。

@01 528/2/6 h19 发现道具
守林人之戒律在恶魔岬拿到了☆缠绕光芒的骑
士盔『献出姐姐子弹』 [1,16]。

@01 528/2/7 h3 发现道具
虎与永恒在南提里斯拿到了☆祝福的沉重的项
链『展望之子弹』。

@01 528/2/7 h11 发现道具
哭泣父在莱希墨苏拿到了☆来自异国的靴『朝
之十字架』 [11,3]。

@01 528/2/7 h11 发现道具
银美人在南提里斯拿到了☆堕落的触怒逆鳞的
防护外套『丧失记忆影』 [7,5]。

@03 528/2/8 h6 任务的完成
献出父亲可爱任务完成，34的声望获得了。


@01 528/2/8 h19 发现道具
欢快的・石在混沌之陵园拿到了☆高贵的合成
靴『幻梦陨石』 [0,4]。

@01 528/2/9 h8 发现道具
士兵舞在不归之洞窟拿到了☆触怒逆鳞的法王
衣『狮子爱』 [24,12]。

@01 528/2/9 h18 发现道具
穿着蓝色的仆人在混沌之森拿到了☆包覆一切
的外套『忍者防卫者』 [11,2]。

@03 528/2/12 h23 任务的完成
弱点之抹杀任务完成，24的声望获得了。

@01 528/2/13 h16 发现道具
明日女孩在不归之矿山拿到了☆祝福的不朽的
鞭『虎口脱险的月光』 (4d4+1)(11)。

@02 528/2/13 h20 新的力量
巫术月积攒了足够的经验，升到35级了。

@01 528/2/14 h1 发现道具
违背命运的幻在牛头人之巢穴拿到了☆高贵的
合成靴『彩虹之心脏』 [0,3]。

@03 528/2/16 h2 任务的完成
虐杀的物语任务完成，10的声望获得了。

@01 528/2/16 h2 发现道具
虐杀的物语在约恩村拿到了☆通透的骨弓『没
有展望尽头』 (1d18)(-47)。

@03 528/2/16 h3 任务的完成
弱点之抹杀任务完成，12的声望获得了。

@01 528/2/16 h3 发现道具
弱点之抹杀在南提里斯拿到了☆可食用的忍刀
『青之圣母』 (4d4-1)(-4)。

@01 528/2/16 h12 发现道具
哭泣父在混沌之陵园拿到了☆沉重的长枪『钓
了太多的一族』 (3d6+1) [0,5]。

@01 528/2/16 h15 发现道具
巫术月在南提里斯拿到了☆祝福的呼唤奇迹的
箭矢『龙羊』 (1d16+1)(7)。

@03 528/2/17 h18 任务的完成
哭泣父任务完成，14的声望获得了。

@01 528/2/20 h17 发现道具
反逆之抹杀在南提里斯拿到了☆照亮黑暗的骑
士盔『真・圣者』 [1,13]。

@01 528/2/24 h9 发现道具
明日女孩在混沌之巢窟拿到了☆通透的长盾『
神圣的罪人』 [-5,0]。

@01 528/2/25 h4 发现道具
弑杀信徒的诅咒在不归之陵园拿到了☆缠绕光
芒的手枪『追梦的智者』 (1d35)(14)。

@03 528/2/25 h13 任务的完成
虐杀的物语任务完成，6的声望获得了。

@01 528/2/26 h15 发现道具
欢快的・石在死之湖拿到了☆绽放异彩的三叉
戟『带着背后灵的胡须』 (4d7+3)(6) [4,0]。


@03 528/2/28 h11 任务的完成
锤妻任务完成，19的声望获得了。

@01 528/2/28 h15 发现道具
银美人在混沌之城《机甲》拿到了☆被称作铁
块的重型腰带『冠军的微笑』 [0,11]。

@01 528/2/28 h18 发现道具
狂人之魔族在混沌之寨拿到了☆不存于世的长
棒『一身银色的反抗』 (2d5)(1) [17,0]。


@01 528/2/28 h24 发现道具
哭泣父在初始之陵园拿到了☆缠绕光芒的厚铠
『倾向黑暗的哭泣』 [7,33]。

